-------------------------------------------------------------------------------
Test set: mvntest.test.AppTest
-------------------------------------------------------------------------------
Tests run: 1, Failures: 0, Errors: 1, Skipped: 0, Time elapsed: 0.011 s <<< FAILURE! -- in mvntest.test.AppTest
mvntest.test.AppTest -- Time elapsed: 0.007 s <<< ERROR!
java.lang.NullPointerException: Cannot invoke "Object.getClass()" because "test" is null
	at org.junit.internal.runners.JUnit38ClassRunner.makeDescription(JUnit38ClassRunner.java:121)
	at org.junit.internal.runners.JUnit38ClassRunner.getDescription(JUnit38ClassRunner.java:95)
	at org.apache.maven.surefire.junit4.JUnit4Provider.execute(JUnit4Provider.java:315)
	at org.apache.maven.surefire.junit4.JUnit4Provider.executeWithRerun(JUnit4Provider.java:240)
	at org.apache.maven.surefire.junit4.JUnit4Provider.executeTestSet(JUnit4Provider.java:214)
	at org.apache.maven.surefire.junit4.JUnit4Provider.invoke(JUnit4Provider.java:155)
	at org.apache.maven.surefire.booter.ForkedBooter.runSuitesInProcess(ForkedBooter.java:385)
	at org.apache.maven.surefire.booter.ForkedBooter.execute(ForkedBooter.java:162)
	at org.apache.maven.surefire.booter.ForkedBooter.run(ForkedBooter.java:507)
	at org.apache.maven.surefire.booter.ForkedBooter.main(ForkedBooter.java:495)

